<?xml version="1.0" encoding="UTF-8"?>
<testng-results skipped="0" failed="0" ignored="0" total="1" passed="1">
  <reporter-output>
  </reporter-output>
  <suite name="Suite" duration-ms="58250" started-at="2020-02-19T17:23:54Z" finished-at="2020-02-19T17:24:52Z">
    <groups>
    </groups>
    <test name="Test" duration-ms="58250" started-at="2020-02-19T17:23:54Z" finished-at="2020-02-19T17:24:52Z">
      <class name="com.google.testcases.GmailAccountCreation">
        <test-method status="PASS" signature="setUpReport()[pri:0, instance:com.google.testcases.GmailAccountCreation@6500df86]" name="setUpReport" is-config="true" duration-ms="529" started-at="2020-02-19T22:53:54Z" finished-at="2020-02-19T22:53:55Z">
          <reporter-output>
          </reporter-output>
        </test-method> <!-- setUpReport -->
        <test-method status="PASS" signature="setup(java.lang.String, java.lang.String)[pri:0, instance:com.google.testcases.GmailAccountCreation@6500df86]" name="setup" is-config="true" duration-ms="16789" started-at="2020-02-19T22:53:55Z" finished-at="2020-02-19T22:54:12Z">
          <params>
            <param index="0">
              <value>
                <![CDATA[chrome]]>
              </value>
            </param>
            <param index="1">
              <value>
                <![CDATA[https://gmail.com]]>
              </value>
            </param>
          </params>
          <reporter-output>
          </reporter-output>
        </test-method> <!-- setup -->
        <test-method status="PASS" signature="createaccount(java.lang.String, java.lang.String, java.lang.String, java.lang.String, java.lang.String)[pri:0, instance:com.google.testcases.GmailAccountCreation@6500df86]" name="createaccount" duration-ms="39067" started-at="2020-02-19T22:54:12Z" finished-at="2020-02-19T22:54:51Z">
          <params>
            <param index="0">
              <value>
                <![CDATA[ejaz]]>
              </value>
            </param>
            <param index="1">
              <value>
                <![CDATA[ahamed]]>
              </value>
            </param>
            <param index="2">
              <value>
                <![CDATA[iejazmn]]>
              </value>
            </param>
            <param index="3">
              <value>
                <![CDATA[Zaje_1234]]>
              </value>
            </param>
            <param index="4">
              <value>
                <![CDATA[7760482709]]>
              </value>
            </param>
          </params>
          <reporter-output>
          </reporter-output>
        </test-method> <!-- createaccount -->
        <test-method status="PASS" signature="tearDownReport(org.testng.ITestResult)[pri:0, instance:com.google.testcases.GmailAccountCreation@6500df86]" name="tearDownReport" is-config="true" duration-ms="753" started-at="2020-02-19T22:54:51Z" finished-at="2020-02-19T22:54:51Z">
          <params>
            <param index="0">
              <value>
                <![CDATA[[TestResult name=createaccount status=SUCCESS method=GmailAccountCreation.createaccount(java.lang.String, java.lang.String, java.lang.String, java.lang.String, java.lang.String)[pri:0, instance:com.google.testcases.GmailAccountCreation@6500df86] output={null}]]]>
              </value>
            </param>
          </params>
          <reporter-output>
          </reporter-output>
        </test-method> <!-- tearDownReport -->
        <test-method status="PASS" signature="tearDown()[pri:0, instance:com.google.testcases.GmailAccountCreation@6500df86]" name="tearDown" is-config="true" duration-ms="1076" started-at="2020-02-19T22:54:51Z" finished-at="2020-02-19T22:54:52Z">
          <reporter-output>
          </reporter-output>
        </test-method> <!-- tearDown -->
      </class> <!-- com.google.testcases.GmailAccountCreation -->
    </test> <!-- Test -->
  </suite> <!-- Suite -->
</testng-results>
