<?xml version="1.0" encoding="UTF-8"?>
<testsuite xmlns:xsi="http://www.w3.org/2001/XMLSchema-instance" xsi:noNamespaceSchemaLocation="https://maven.apache.org/surefire/maven-surefire-plugin/xsd/surefire-test-report-3.0.xsd" version="3.0" name="TestSuite" time="45.468" tests="1" errors="0" skipped="0" failures="1">
  <properties>
[...]
</properties>
  <testcase name="createaccount" classname="com.google.testcases.GmailAccountCreation" time="28.269">
    <failure message="no such element: Unable to locate element: {&quot;method&quot;:&quot;xpath&quot;,&quot;selector&quot;:&quot;//div[contains(text(),&apos;username is taken&apos;)]&quot;}&#10;  (Session info: chrome=80.0.3987.106)&#10;For documentation on this error, please visit: http://seleniumhq.org/exceptions/no_such_element.html&#10;Build info: version: &apos;3.5.3&apos;, revision: &apos;a88d25fe6b&apos;, time: &apos;2017-08-29T12:42:44.417Z&apos;&#10;System info: host: &apos;DESKTOP-TBUU579&apos;, ip: &apos;192.168.0.9&apos;, os.name: &apos;Windows 10&apos;, os.arch: &apos;amd64&apos;, os.version: &apos;10.0&apos;, java.version: &apos;1.8.0_202&apos;&#10;Driver info: org.openqa.selenium.chrome.ChromeDriver&#10;Capabilities [{networkConnectionEnabled=false, chrome={chromedriverVersion=80.0.3987.106 (f68069574609230cf9b635cd784cfb1bf81bb53a-refs/branch-heads/3987@{#882}), userDataDir=C:\Users\Admin\AppData\Local\Temp\scoped_dir11776_416649559}, timeouts={implicit=0, pageLoad=300000, script=30000}, pageLoadStrategy=normal, unhandledPromptBehavior=dismiss and notify, strictFileInteractability=false, platform=XP, proxy=Proxy(), goog:chromeOptions={debuggerAddress=localhost:52826}, acceptInsecureCerts=false, browserVersion=80.0.3987.106, browserName=chrome, javascriptEnabled=true, platformName=XP, setWindowRect=true}]&#10;Session ID: 2352c3daa85bc997730db2df825da3a6&#10;*** Element info: {Using=xpath, value=//div[contains(text(),&apos;username is taken&apos;)]}" type="org.openqa.selenium.NoSuchElementException"><![CDATA[org.openqa.selenium.NoSuchElementException: 
no such element: Unable to locate element: {"method":"xpath","selector":"//div[contains(text(),'username is taken')]"}
  (Session info: chrome=80.0.3987.106)
For documentation on this error, please visit: http://seleniumhq.org/exceptions/no_such_element.html
Build info: version: '3.5.3', revision: 'a88d25fe6b', time: '2017-08-29T12:42:44.417Z'
System info: host: 'DESKTOP-TBUU579', ip: '192.168.0.9', os.name: 'Windows 10', os.arch: 'amd64', os.version: '10.0', java.version: '1.8.0_202'
Driver info: org.openqa.selenium.chrome.ChromeDriver
Capabilities [{networkConnectionEnabled=false, chrome={chromedriverVersion=80.0.3987.106 (f68069574609230cf9b635cd784cfb1bf81bb53a-refs/branch-heads/3987@{#882}), userDataDir=C:\Users\Admin\AppData\Local\Temp\scoped_dir11776_416649559}, timeouts={implicit=0, pageLoad=300000, script=30000}, pageLoadStrategy=normal, unhandledPromptBehavior=dismiss and notify, strictFileInteractability=false, platform=XP, proxy=Proxy(), goog:chromeOptions={debuggerAddress=localhost:52826}, acceptInsecureCerts=false, browserVersion=80.0.3987.106, browserName=chrome, javascriptEnabled=true, platformName=XP, setWindowRect=true}]
Session ID: 2352c3daa85bc997730db2df825da3a6
*** Element info: {Using=xpath, value=//div[contains(text(),'username is taken')]}
	at com.google.testcases.GmailAccountCreation.createaccount(GmailAccountCreation.java:46)
]]></failure>
    <system-err><![CDATA[Starting ChromeDriver 80.0.3987.106 (f68069574609230cf9b635cd784cfb1bf81bb53a-refs/branch-heads/3987@{#882}) on port 17254
Only local connections are allowed.
Please protect ports used by ChromeDriver and related test frameworks to prevent access by malicious code.
[1582122094.329][WARNING]: Timed out connecting to Chrome, retrying...
Feb 19, 2020 7:51:36 PM org.openqa.selenium.remote.ProtocolHandshake createSession
INFO: Detected dialect: W3C
[1582122098.749][WARNING]: Timed out connecting to Chrome, retrying...
[1582122100.540][SEVERE]: Timed out receiving message from renderer: 0.100
[1582122102.872][SEVERE]: Timed out receiving message from renderer: 0.100
[1582122110.237][SEVERE]: Timed out receiving message from renderer: 0.100
[1582122110.343][SEVERE]: Timed out receiving message from renderer: 0.100
[1582122110.447][SEVERE]: Timed out receiving message from renderer: 0.100
[1582122110.553][SEVERE]: Timed out receiving message from renderer: 0.100
[1582122110.667][SEVERE]: Timed out receiving message from renderer: 0.100
]]></system-err>
  </testcase>
</testsuite>